<?xml version="1.0" encoding="UTF-8"?>
<!-- Generated by org.testng.reporters.JUnitReportReporter -->
<testsuite hostname="DESKTOP-H3E2OTR" failures="0" tests="1" name="Demo1.FacebookLogin" time="7.726" errors="0" timestamp="2023-07-28T13:44:59 IST" skipped="0">
  <testcase classname="Demo1.FacebookLogin" name="f" time="7.726"/>
  <system-out/>
</testsuite> <!-- Demo1.FacebookLogin -->
