<?xml version="1.0" encoding="UTF-8"?>
<!-- Generated by org.testng.reporters.JUnitReportReporter -->
<testsuite hostname="DESKTOP-H3E2OTR" failures="0" tests="1" name="Demo1.FacebookLogin" time="9.317" errors="0" timestamp="2023-07-26T13:17:43 IST" skipped="0">
  <testcase classname="Demo1.FacebookLogin" name="f" time="9.317"/>
  <system-out/>
</testsuite> <!-- Demo1.FacebookLogin -->
