<?xml version="1.0" encoding="UTF-8"?>
<!-- Generated by org.testng.reporters.JUnitReportReporter -->
<testsuite hostname="DESKTOP-H3E2OTR" failures="0" tests="1" name="Demo1.FacebookSignup" time="11.921" errors="0" timestamp="2023-07-28T13:44:59 IST" skipped="0">
  <testcase classname="Demo1.FacebookSignup" name="f" time="11.921"/>
  <system-out/>
</testsuite> <!-- Demo1.FacebookSignup -->
