<?xml version="1.0" encoding="UTF-8"?>
<!-- Generated by org.testng.reporters.JUnitReportReporter -->
<testsuite hostname="DESKTOP-H3E2OTR" failures="0" tests="1" name="Demo1.FacebookSignup" time="10.215" errors="0" timestamp="2023-07-26T13:17:43 IST" skipped="0">
  <testcase classname="Demo1.FacebookSignup" name="f" time="10.215"/>
  <system-out/>
</testsuite> <!-- Demo1.FacebookSignup -->
